#
# A fatal error has been detected by the Java Runtime Environment:
#
#  EXCEPTION_ACCESS_VIOLATION (0xc0000005) at pc=0x00000000656ad76b, pid=1876, tid=3748
#
# JRE version: 7.0_07-b10
# Java VM: Java HotSpot(TM) 64-Bit Server VM (23.3-b01 mixed mode windows-amd64 compressed oops)
# Problematic frame:
# V  [jvm.dll+0x11d76b]
#
# Failed to write core dump. Minidumps are not enabled by default on client versions of Windows
#
# If you would like to submit a bug report, please visit:
#   http://bugreport.sun.com/bugreport/crash.jsp
#

---------------  T H R E A D  ---------------

Current thread (0x000000000ba84800):  JavaThread "JDWP Transport Listener: dt_socket" daemon [_thread_in_vm, id=3748, stack(0x000000000d4f0000,0x000000000d5f0000)]

siginfo: ExceptionCode=0xc0000005, reading address 0xffffffffffffffff

Registers:
RAX=0x000000000d5ef401, RBX=0x000000000ba84800, RCX=0x2f687361686e696d, RDX=0x000000000ba84800
RSP=0x000000000d5ef460, RBP=0x2f687361686e696d, RSI=0x000000000d5ef578, RDI=0x0000000002c075f0
R8 =0x000000000d5ef578, R9 =0x000000000000ff00, R10=0x0000000000000000, R11=0x000000000d5ef75e
R12=0x0000000000000000, R13=0x0000000000000000, R14=0x0000000000000000, R15=0x0000000000000000
RIP=0x00000000656ad76b, EFLAGS=0x0000000000010202

Top of Stack: (sp=0x000000000d5ef460)
0x000000000d5ef460:   000000000ba84800 000000000ba7d500
0x000000000d5ef470:   000000000d5ef528 0000000065833ec9
0x000000000d5ef480:   000000000ba84800 000000006584f892
0x000000000d5ef490:   0000000000000000 000000000ba84800
0x000000000d5ef4a0:   000000000bb37788 0000000065ff264e
0x000000000d5ef4b0:   000000000ba84800 0000000000000000
0x000000000d5ef4c0:   0000000000000000 0000000000000000
0x000000000d5ef4d0:   2f687361686e696d 0000000065ff1745
0x000000000d5ef4e0:   000000000d5ef578 000000000d5ef550
0x000000000d5ef4f0:   0000000000000001 000000000bb37788
0x000000000d5ef500:   2f687361686e696d 0000000065fd53b3
0x000000000d5ef510:   000000000d5ef640 0000000000000001
0x000000000d5ef520:   0000000000000001 000000000bb37788
0x000000000d5ef530:   000000000000000a 0000000000000000
0x000000000d5ef540:   0000000000000000 0000000000000000
0x000000000d5ef550:   0000000000000001 0000000065fd5571 

Instructions: (pc=0x00000000656ad76b)
0x00000000656ad74b:   48 8b 5c 24 30 48 89 47 18 48 83 c4 20 5f c3 cc
0x00000000656ad75b:   cc cc cc cc cc 40 53 48 83 ec 20 48 85 c9 74 54
0x00000000656ad76b:   48 8b 19 48 85 db 74 4c 48 b8 fe fe fe fe fe fe
0x00000000656ad77b:   fe fe 48 3b d8 74 3d 80 3d 5f e5 58 00 00 74 15 


Register to memory mapping:

RAX=0x000000000d5ef401 is pointing into the stack for thread: 0x000000000ba84800
RBX=0x000000000ba84800 is a thread
RCX=0x2f687361686e696d is an unknown value
RDX=0x000000000ba84800 is a thread
RSP=0x000000000d5ef460 is pointing into the stack for thread: 0x000000000ba84800
RBP=0x2f687361686e696d is an unknown value
RSI=0x000000000d5ef578 is pointing into the stack for thread: 0x000000000ba84800
RDI=0x0000000002c075f0 is an unknown value
R8 =0x000000000d5ef578 is pointing into the stack for thread: 0x000000000ba84800
R9 =0x000000000000ff00 is an unknown value
R10=0x0000000000000000 is an unknown value
R11=0x000000000d5ef75e is pointing into the stack for thread: 0x000000000ba84800
R12=0x0000000000000000 is an unknown value
R13=0x0000000000000000 is an unknown value
R14=0x0000000000000000 is an unknown value
R15=0x0000000000000000 is an unknown value


Stack: [0x000000000d4f0000,0x000000000d5f0000],  sp=0x000000000d5ef460,  free space=1021k
Native frames: (J=compiled Java code, j=interpreted, Vv=VM code, C=native code)
V  [jvm.dll+0x11d76b]


---------------  P R O C E S S  ---------------

Java Threads: ( => current thread )
  0x000000000baa9800 JavaThread "Service Thread" daemon [_thread_blocked, id=6624, stack(0x000000000d9f0000,0x000000000daf0000)]
  0x000000000baa7000 JavaThread "C2 CompilerThread1" daemon [_thread_blocked, id=6964, stack(0x000000000d8f0000,0x000000000d9f0000)]
  0x000000000baa2800 JavaThread "C2 CompilerThread0" daemon [_thread_blocked, id=3656, stack(0x000000000d7f0000,0x000000000d8f0000)]
  0x000000000ba92000 JavaThread "JDWP Command Reader" daemon [_thread_in_native, id=1308, stack(0x000000000d6f0000,0x000000000d7f0000)]
  0x000000000ba8f000 JavaThread "JDWP Event Helper Thread" daemon [_thread_blocked, id=1904, stack(0x000000000d5f0000,0x000000000d6f0000)]
=>0x000000000ba84800 JavaThread "JDWP Transport Listener: dt_socket" daemon [_thread_in_vm, id=3748, stack(0x000000000d4f0000,0x000000000d5f0000)]
  0x000000000ba7e800 JavaThread "Attach Listener" daemon [_thread_blocked, id=7944, stack(0x000000000cf40000,0x000000000d040000)]
  0x000000000ba7b800 JavaThread "Signal Dispatcher" daemon [_thread_blocked, id=7092, stack(0x000000000ce40000,0x000000000cf40000)]
  0x000000000ba16000 JavaThread "Finalizer" daemon [_thread_blocked, id=6540, stack(0x000000000cd40000,0x000000000ce40000)]
  0x000000000ba0d800 JavaThread "Reference Handler" daemon [_thread_blocked, id=2576, stack(0x000000000cc40000,0x000000000cd40000)]
  0x0000000002c0e000 JavaThread "main" [_thread_blocked, id=8020, stack(0x0000000002920000,0x0000000002a20000)]

Other Threads:
  0x000000000ba05000 VMThread [stack: 0x000000000cb40000,0x000000000cc40000] [id=6468]
  0x000000000baa3800 WatcherThread [stack: 0x000000000daf0000,0x000000000dbf0000] [id=5560]

VM state:not at safepoint (normal execution)

VM Mutex/Monitor currently owned by a thread: None

Heap
 PSYoungGen      total 37824K, used 1298K [0x00000007d5cb0000, 0x00000007d86e0000, 0x0000000800000000)
  eden space 32448K, 4% used [0x00000007d5cb0000,0x00000007d5df4828,0x00000007d7c60000)
  from space 5376K, 0% used [0x00000007d81a0000,0x00000007d81a0000,0x00000007d86e0000)
  to   space 5376K, 0% used [0x00000007d7c60000,0x00000007d7c60000,0x00000007d81a0000)
 ParOldGen       total 86400K, used 0K [0x0000000781600000, 0x0000000786a60000, 0x00000007d5cb0000)
  object space 86400K, 0% used [0x0000000781600000,0x0000000781600000,0x0000000786a60000)
 PSPermGen       total 21248K, used 3971K [0x000000077c400000, 0x000000077d8c0000, 0x0000000781600000)
  object space 21248K, 18% used [0x000000077c400000,0x000000077c7e0c60,0x000000077d8c0000)

Card table byte_map: [0x0000000005c10000,0x0000000006030000] byte_map_base: 0x000000000202e000

Polling page: 0x00000000010d0000

Code Cache  [0x0000000002c10000, 0x0000000002e80000, 0x0000000005c10000)
 total_blobs=175 nmethods=0 adapters=150 free_code_cache=48768Kb largest_free_block=49938368

Compilation events (0 events):
No events

GC Heap History (0 events):
No events

Deoptimization events (0 events):
No events

Internal exceptions (7 events):
Event: 0.032 Thread 0x0000000002c0e000 Threw 0x00000007d5cb61a8 at C:\jdk7u1_64p\jdk7u7\hotspot\src\share\vm\prims\jni.cpp:3994
Event: 0.278 Thread 0x0000000002c0e000 Threw 0x00000007d5cfc080 at C:\jdk7u1_64p\jdk7u7\hotspot\src\share\vm\prims\jvm.cpp:1166
Event: 0.315 Thread 0x0000000002c0e000 Threw 0x00000007d5d1dd10 at C:\jdk7u1_64p\jdk7u7\hotspot\src\share\vm\prims\jvm.cpp:1166
Event: 0.315 Thread 0x0000000002c0e000 Threw 0x00000007d5d1de38 at C:\jdk7u1_64p\jdk7u7\hotspot\src\share\vm\prims\jvm.cpp:1166
Event: 0.316 Thread 0x0000000002c0e000 Threw 0x00000007d5d20438 at C:\jdk7u1_64p\jdk7u7\hotspot\src\share\vm\prims\jvm.cpp:1166
Event: 0.316 Thread 0x0000000002c0e000 Threw 0x00000007d5d20560 at C:\jdk7u1_64p\jdk7u7\hotspot\src\share\vm\prims\jvm.cpp:1166
Event: 0.331 Thread 0x0000000002c0e000 Threw 0x00000007d5d419c8 at C:\jdk7u1_64p\jdk7u7\hotspot\src\share\vm\prims\jvm.cpp:1166

Events (10 events):
Event: 21637.501 Executing VM operation: RedefineClasses
Event: 21637.501 Executing VM operation: RedefineClasses done
Event: 21639.350 Executing VM operation: RedefineClasses
Event: 21639.350 Executing VM operation: RedefineClasses done
Event: 21984.884 Executing VM operation: RedefineClasses
Event: 21984.884 Executing VM operation: RedefineClasses done
Event: 22230.300 Executing VM operation: RedefineClasses
Event: 22230.300 Executing VM operation: RedefineClasses done
Event: 22240.258 Executing VM operation: RedefineClasses
Event: 22240.259 Executing VM operation: RedefineClasses done


Dynamic libraries:
0x000007f70aec0000 - 0x000007f70aef4000 	C:\Users\Artem\algs4\java\bin\javaw.exe
0x000007ff85460000 - 0x000007ff8561e000 	C:\Windows\SYSTEM32\ntdll.dll
0x000007ff83600000 - 0x000007ff83736000 	C:\Windows\system32\KERNEL32.DLL
0x000007ff826c0000 - 0x000007ff827b3000 	C:\Windows\system32\KERNELBASE.dll
0x000007ff83010000 - 0x000007ff830ee000 	C:\Windows\system32\ADVAPI32.dll
0x000007ff838f0000 - 0x000007ff83a3c000 	C:\Windows\system32\USER32.dll
0x000007ff7fa50000 - 0x000007ff7fcb9000 	C:\Windows\WinSxS\amd64_microsoft.windows.common-controls_6595b64144ccf1df_6.0.9200.16384_none_418c2a697189c07f\COMCTL32.dll
0x000007ff852a0000 - 0x000007ff85345000 	C:\Windows\system32\msvcrt.dll
0x000007ff85400000 - 0x000007ff85448000 	C:\Windows\SYSTEM32\sechost.dll
0x000007ff83310000 - 0x000007ff83450000 	C:\Windows\system32\RPCRT4.dll
0x000007ff82870000 - 0x000007ff829b0000 	C:\Windows\system32\GDI32.dll
0x000007ff82df0000 - 0x000007ff82e29000 	C:\Windows\system32\IMM32.DLL
0x000007ff83190000 - 0x000007ff832a5000 	C:\Windows\system32\MSCTF.dll
0x000007ff822e0000 - 0x000007ff82320000 	C:\Windows\system32\nvinitx.dll
0x0000000066010000 - 0x00000000660e1000 	C:\Users\Artem\algs4\java\bin\msvcr100.dll
0x0000000065590000 - 0x0000000065caf000 	C:\Users\Artem\algs4\java\bin\server\jvm.dll
0x000007ff737c0000 - 0x000007ff737c9000 	C:\Windows\SYSTEM32\WSOCK32.dll
0x000007ff7fa30000 - 0x000007ff7fa50000 	C:\Windows\SYSTEM32\WINMM.dll
0x000007ff838c0000 - 0x000007ff838c7000 	C:\Windows\system32\PSAPI.DLL
0x000007ff832b0000 - 0x000007ff83308000 	C:\Windows\system32\WS2_32.dll
0x000007ff7f800000 - 0x000007ff7f832000 	C:\Windows\SYSTEM32\WINMMBASE.dll
0x000007ff85450000 - 0x000007ff85459000 	C:\Windows\system32\NSI.dll
0x00000000662d0000 - 0x00000000662df000 	C:\Users\Artem\algs4\java\bin\verify.dll
0x0000000066180000 - 0x00000000661a8000 	C:\Users\Artem\algs4\java\bin\java.dll
0x0000000065fd0000 - 0x0000000066005000 	C:\Users\Artem\algs4\java\bin\jdwp.dll
0x00000000662c0000 - 0x00000000662c8000 	C:\Users\Artem\algs4\java\bin\npt.dll
0x0000000066160000 - 0x0000000066175000 	C:\Users\Artem\algs4\java\bin\zip.dll
0x0000000065fc0000 - 0x0000000065fc9000 	C:\Users\Artem\algs4\java\bin\dt_socket.dll
0x000007ff7e4f0000 - 0x000007ff7e504000 	C:\Windows\system32\napinsp.dll
0x000007ff7e4d0000 - 0x000007ff7e4e8000 	C:\Windows\system32\pnrpnsp.dll
0x000007ff80ce0000 - 0x000007ff80cf6000 	C:\Windows\system32\NLAapi.dll
0x000007ff81b40000 - 0x000007ff81b9c000 	C:\Windows\System32\mswsock.dll
0x000007ff81980000 - 0x000007ff81a18000 	C:\Windows\SYSTEM32\DNSAPI.dll
0x000007ff7c540000 - 0x000007ff7c552000 	C:\Windows\System32\winrnr.dll
0x0000000066570000 - 0x0000000066596000 	C:\Program Files\Bonjour\mdnsNSP.dll
0x000007ff7c470000 - 0x000007ff7c49a000 	C:\Windows\SYSTEM32\Iphlpapi.DLL
0x000007ff7c460000 - 0x000007ff7c46a000 	C:\Windows\SYSTEM32\WINNSI.DLL
0x000007ff7c520000 - 0x000007ff7c534000 	C:\Windows\system32\wshbth.dll
0x000007ff7c4c0000 - 0x000007ff7c51f000 	C:\Windows\System32\fwpuclnt.dll
0x000007ff7e4c0000 - 0x000007ff7e4c8000 	C:\Windows\System32\rasadhlp.dll
0x0000000066140000 - 0x0000000066159000 	C:\Users\Artem\algs4\java\bin\net.dll
0x0000000066120000 - 0x0000000066131000 	C:\Users\Artem\algs4\java\bin\nio.dll
0x000007ff76150000 - 0x000007ff762b3000 	C:\Windows\SYSTEM32\dbghelp.dll

VM Arguments:
jvm_args: -agentlib:jdwp=transport=dt_socket,suspend=y,address=localhost:30298 -Dfile.encoding=Cp1251 
java_command: org.rodart.minhash.Init
Launcher Type: SUN_STANDARD

Environment Variables:
CLASSPATH=.;C:\Users\Artem\algs4\algs4.jar;C:\Users\Artem\algs4\stdlib.jar;
PATH=C:/Users/Artem/algs4/java/bin/server;C:/Users/Artem/algs4/java/bin;C:/Users/Artem/algs4/java/lib/amd64;C:\Users\Artem\algs4\java\bin;C:\Windows\system32;C:\Windows;C:\Windows\System32\Wbem;C:\Windows\System32\WindowsPowerShell\v1.0\;C:\Program Files (x86)\Windows Kits\8.0\Windows Performance Toolkit\;C:\Program Files\Microsoft SQL Server\110\Tools\Binn\;C:\Program Files (x86)\Java\jre7\bin;C:\Program Files (x86)\OpenVPN\bin;C:\Program Files (x86)\Windows Live\Shared;C:\Program Files (x86)\Mercurial\;C:\Python27;C:\Users\Artem\algs4\bin;C:\Users\Artem\algs4\java\bin;;C:\Program Files\eclipse;
USERNAME=Artem
OS=Windows_NT
PROCESSOR_IDENTIFIER=Intel64 Family 6 Model 42 Stepping 7, GenuineIntel



---------------  S Y S T E M  ---------------

OS: Windows 8 , 64 bit Build 9200 

CPU:total 4 (2 cores per cpu, 2 threads per core) family 6 model 42 stepping 7, cmov, cx8, fxsr, mmx, sse, sse2, sse3, ssse3, sse4.1, sse4.2, popcnt, avx, ht, tsc, tscinvbit

Memory: 4k page, physical 8291392k(4440936k free), swap 8291392k(3662072k free)

vm_info: Java HotSpot(TM) 64-Bit Server VM (23.3-b01) for windows-amd64 JRE (1.7.0_07-b10), built on Aug 28 2012 18:28:27 by "java_re" with unknown MS VC++:1600

time: Fri May 10 23:24:08 2013
elapsed time: 22257 seconds

